#
# A fatal error has been detected by the Java Runtime Environment:
#
#  EXCEPTION_ACCESS_VIOLATION (0xc0000005) at pc=0x000000006e3923d0, pid=6308, tid=6272
#
# JRE version: Java(TM) SE Runtime Environment (7.0_79-b15) (build 1.7.0_79-b15)
# Java VM: Java HotSpot(TM) 64-Bit Server VM (24.79-b02 mixed mode windows-amd64 compressed oops)
# Problematic frame:
# V  [jvm.dll+0x3a23d0]
#
# Failed to write core dump. Minidumps are not enabled by default on client versions of Windows
#
# If you would like to submit a bug report, please visit:
#   http://bugreport.java.com/bugreport/crash.jsp
#

---------------  T H R E A D  ---------------

Current thread (0x00000000026d8000):  GCTaskThread [stack: 0x0000000005c10000,0x0000000005d10000] [id=6272]

siginfo: ExceptionCode=0xc0000005, reading address 0x0000000100000017

Registers:
RAX=0x00000000ffffffff, RBX=0x00000000f20819d0, RCX=0x0000000000000000, RDX=0x0000000000229000
RSP=0x0000000005d0f640, RBP=0x0000000006f80000, RSI=0x0000000006f717b7, RDI=0x000000000856f480
R8 =0x0000000000000000, R9 =0x0000000000000000, R10=0x0000000000229000, R11=0x0000000008a40000
R12=0x000000006e74ff10, R13=0x000000000856f480, R14=0x00000000000006f7, R15=0x0000000005d0f720
RIP=0x000000006e3923d0, EFLAGS=0x0000000000010206

Top of Stack: (sp=0x0000000005d0f640)
0x0000000005d0f640:   00000000f2081978 0000000006f80000
0x0000000005d0f650:   0000000006f717af 000000000856f480
0x0000000005d0f660:   0000000000000001 000000006e392b05
0x0000000005d0f670:   0000000005d0f720 0000000000000003
0x0000000005d0f680:   0000000000000001 000000006e3907d5
0x0000000005d0f690:   0000000006f80000 000000006e387a9d
0x0000000005d0f6a0:   0000000006f717b7 000000006e3915d9
0x0000000005d0f6b0:   0000000000000003 000000006e3914ff
0x0000000005d0f6c0:   00000000f2a8ce08 00000000000006f7
0x0000000005d0f6d0:   000000000856f480 0000000000000003
0x0000000005d0f6e0:   00000000f2980000 000000006e393235
0x0000000005d0f6f0:   00000000f2a00000 0000000005d0f768
0x0000000005d0f700:   0000000002650000 00000000026d8700
0x0000000005d0f710:   0000000002650000 00000000f2a00000
0x0000000005d0f720:   000000006e5b9320 000000006e74ff10
0x0000000005d0f730:   000000000856f480 000000000000fcc6 

Instructions: (pc=0x000000006e3923d0)
0x000000006e3923b0:   8b 0d 02 55 35 00 4c 8b 0d f3 54 35 00 84 c0 74
0x000000006e3923c0:   0b 8b 43 08 48 d3 e0 49 03 c1 eb 04 48 8b 43 08
0x000000006e3923d0:   81 78 18 00 00 00 c0 48 8d 48 10 73 0f 48 8b 01
0x000000006e3923e0:   4c 8b c3 48 8b d7 ff 90 e8 00 00 00 48 8b 5c 24 


Register to memory mapping:

RAX=0x00000000ffffffff is an unallocated location in the heap
RBX=0x00000000f20819d0 is an unknown value
RCX=0x0000000000000000 is an unknown value
RDX=0x0000000000229000 is an unknown value
RSP=0x0000000005d0f640 is an unknown value
RBP=0x0000000006f80000 is an unknown value
RSI=0x0000000006f717b7 is an unknown value
RDI=0x000000000856f480 is an unknown value
R8 =0x0000000000000000 is an unknown value
R9 =0x0000000000000000 is an unknown value
R10=0x0000000000229000 is an unknown value
R11=0x0000000008a40000 is an unknown value
R12=0x000000006e74ff10 is an unknown value
R13=0x000000000856f480 is an unknown value
R14=0x00000000000006f7 is an unknown value
R15=0x0000000005d0f720 is an unknown value


Stack: [0x0000000005c10000,0x0000000005d10000],  sp=0x0000000005d0f640,  free space=1021k
Native frames: (J=compiled Java code, j=interpreted, Vv=VM code, C=native code)
V  [jvm.dll+0x3a23d0]


---------------  P R O C E S S  ---------------

Java Threads: ( => current thread )
  0x0000000008663800 JavaThread "Service Thread" daemon [_thread_blocked, id=6392, stack(0x0000000009dd0000,0x0000000009ed0000)]
  0x0000000008660800 JavaThread "C2 CompilerThread1" daemon [_thread_blocked, id=6352, stack(0x0000000009cd0000,0x0000000009dd0000)]
  0x000000000865e000 JavaThread "C2 CompilerThread0" daemon [_thread_blocked, id=6356, stack(0x0000000009bd0000,0x0000000009cd0000)]
  0x000000000865d000 JavaThread "Attach Listener" daemon [_thread_blocked, id=6344, stack(0x0000000009ad0000,0x0000000009bd0000)]
  0x000000000865a000 JavaThread "Signal Dispatcher" daemon [_thread_blocked, id=6380, stack(0x00000000099d0000,0x0000000009ad0000)]
  0x0000000008621000 JavaThread "Finalizer" daemon [_thread_blocked, id=6328, stack(0x00000000098d0000,0x00000000099d0000)]
  0x0000000008618000 JavaThread "Reference Handler" daemon [_thread_blocked, id=6332, stack(0x00000000097d0000,0x00000000098d0000)]
  0x0000000000a9e800 JavaThread "main" [_thread_blocked, id=6276, stack(0x00000000024f0000,0x00000000025f0000)]

Other Threads:
  0x0000000008612800 VMThread [stack: 0x00000000096d0000,0x00000000097d0000] [id=6324]
  0x0000000008671800 WatcherThread [stack: 0x0000000009ed0000,0x0000000009fd0000] [id=6364]

=>0x00000000026d8000 (exited) GCTaskThread [stack: 0x0000000005c10000,0x0000000005d10000] [id=6272]

VM state:at safepoint (normal execution)

VM Mutex/Monitor currently owned by a thread:  ([mutex/lock_event])
[0x0000000000a9d8d0] Threads_lock - owner thread: 0x0000000008612800
[0x0000000000a9ddd0] Heap_lock - owner thread: 0x0000000000a9e800

Heap
 PSYoungGen      total 115712K, used 13875K [0x00000000eaa80000, 0x00000000f3000000, 0x0000000100000000)
  eden space 99328K, 0% used [0x00000000eaa80000,0x00000000eaa80000,0x00000000f0b80000)
  from space 16384K, 84% used [0x00000000f1d00000,0x00000000f2a8ce08,0x00000000f2d00000)
  to   space 17920K, 0% used [0x00000000f0b80000,0x00000000f0b80000,0x00000000f1d00000)
 ParOldGen       total 42496K, used 36238K [0x00000000c0000000, 0x00000000c2980000, 0x00000000eaa80000)
  object space 42496K, 85% used [0x00000000c0000000,0x00000000c23639a0,0x00000000c2980000)
 PSPermGen       total 21504K, used 5689K [0x00000000bae00000, 0x00000000bc300000, 0x00000000c0000000)
  object space 21504K, 26% used [0x00000000bae00000,0x00000000bb38e5f0,0x00000000bc300000)

Card table byte_map: [0x0000000005880000,0x0000000005ab0000] byte_map_base: 0x00000000052a9000

Polling page: 0x00000000025f0000

Code Cache  [0x00000000027c0000, 0x0000000002a30000, 0x00000000057c0000)
 total_blobs=842 nmethods=608 adapters=186 free_code_cache=46955Kb largest_free_block=48046720

Compilation events (10 events):
Event: 9.063 Thread 0x0000000008660800  622             java.util.HashMap$Entry::getKey (5 bytes)
Event: 9.063 Thread 0x0000000008660800 nmethod 622 0x00000000029d8ed0 code [0x00000000029d9000, 0x00000000029d9058]
Event: 9.063 Thread 0x0000000008660800  623             java.util.HashMap$KeyIterator::next (8 bytes)
Event: 9.068 Thread 0x0000000008660800 nmethod 623 0x00000000029cc050 code [0x00000000029cc1a0, 0x00000000029cc3b8]
Event: 9.069 Thread 0x0000000008660800  624             com.android.dx.rop.cst.CstMemberRef::hashCode (19 bytes)
Event: 9.079 Thread 0x0000000008660800 nmethod 624 0x0000000002985ad0 code [0x0000000002985c20, 0x0000000002986098]
Event: 9.079 Thread 0x0000000008660800  625             com.android.dx.rop.cst.CstNat::hashCode (19 bytes)
Event: 9.085 Thread 0x0000000008660800 nmethod 625 0x00000000029cba10 code [0x00000000029cbb60, 0x00000000029cbe18]
Event: 9.085 Thread 0x0000000008660800  626             java.lang.Integer::highestOneBit (38 bytes)
Event: 9.085 Thread 0x0000000008660800 nmethod 626 0x00000000029866d0 code [0x0000000002986800, 0x0000000002986878]

GC Heap History (10 events):
Event: 5.899 GC heap after
Heap after GC invocations=6 (full 0):
 PSYoungGen      total 38912K, used 5344K [0x00000000eaa80000, 0x00000000ed680000, 0x0000000100000000)
  eden space 32768K, 0% used [0x00000000eaa80000,0x00000000eaa80000,0x00000000eca80000)
  from space 6144K, 86% used [0x00000000ed080000,0x00000000ed5b8000,0x00000000ed680000)
  to   space 6144K, 0% used [0x00000000eca80000,0x00000000eca80000,0x00000000ed080000)
 ParOldGen       total 42496K, used 12376K [0x00000000c0000000, 0x00000000c2980000, 0x00000000eaa80000)
  object space 42496K, 29% used [0x00000000c0000000,0x00000000c0c161b0,0x00000000c2980000)
 PSPermGen       total 21504K, used 5520K [0x00000000bae00000, 0x00000000bc300000, 0x00000000c0000000)
  object space 21504K, 25% used [0x00000000bae00000,0x00000000bb3641c0,0x00000000bc300000)
}
Event: 6.568 GC heap before
{Heap before GC invocations=7 (full 0):
 PSYoungGen      total 38912K, used 38112K [0x00000000eaa80000, 0x00000000ed680000, 0x0000000100000000)
  eden space 32768K, 100% used [0x00000000eaa80000,0x00000000eca80000,0x00000000eca80000)
  from space 6144K, 86% used [0x00000000ed080000,0x00000000ed5b8000,0x00000000ed680000)
  to   space 6144K, 0% used [0x00000000eca80000,0x00000000eca80000,0x00000000ed080000)
 ParOldGen       total 42496K, used 12376K [0x00000000c0000000, 0x00000000c2980000, 0x00000000eaa80000)
  object space 42496K, 29% used [0x00000000c0000000,0x00000000c0c161b0,0x00000000c2980000)
 PSPermGen       total 21504K, used 5556K [0x00000000bae00000, 0x00000000bc300000, 0x00000000c0000000)
  object space 21504K, 25% used [0x00000000bae00000,0x00000000bb36d248,0x00000000bc300000)
Event: 6.637 GC heap after
Heap after GC invocations=7 (full 0):
 PSYoungGen      total 38912K, used 6144K [0x00000000eaa80000, 0x00000000efb80000, 0x0000000100000000)
  eden space 32768K, 0% used [0x00000000eaa80000,0x00000000eaa80000,0x00000000eca80000)
  from space 6144K, 100% used [0x00000000eca80000,0x00000000ed080000,0x00000000ed080000)
  to   space 8704K, 0% used [0x00000000ef300000,0x00000000ef300000,0x00000000efb80000)
 ParOldGen       total 42496K, used 16848K [0x00000000c0000000, 0x00000000c2980000, 0x00000000eaa80000)
  object space 42496K, 39% used [0x00000000c0000000,0x00000000c1074320,0x00000000c2980000)
 PSPermGen       total 21504K, used 5556K [0x00000000bae00000, 0x00000000bc300000, 0x00000000c0000000)
  object space 21504K, 25% used [0x00000000bae00000,0x00000000bb36d248,0x00000000bc300000)
}
Event: 7.455 GC heap before
{Heap before GC invocations=8 (full 0):
 PSYoungGen      total 38912K, used 38912K [0x00000000eaa80000, 0x00000000efb80000, 0x0000000100000000)
  eden space 32768K, 100% used [0x00000000eaa80000,0x00000000eca80000,0x00000000eca80000)
  from space 6144K, 100% used [0x00000000eca80000,0x00000000ed080000,0x00000000ed080000)
  to   space 8704K, 0% used [0x00000000ef300000,0x00000000ef300000,0x00000000efb80000)
 ParOldGen       total 42496K, used 16848K [0x00000000c0000000, 0x00000000c2980000, 0x00000000eaa80000)
  object space 42496K, 39% used [0x00000000c0000000,0x00000000c1074320,0x00000000c2980000)
 PSPermGen       total 21504K, used 5575K [0x00000000bae00000, 0x00000000bc300000, 0x00000000c0000000)
  object space 21504K, 25% used [0x00000000bae00000,0x00000000bb371c38,0x00000000bc300000)
Event: 7.482 GC heap after
Heap after GC invocations=8 (full 0):
 PSYoungGen      total 71680K, used 8688K [0x00000000eaa80000, 0x00000000f0080000, 0x0000000100000000)
  eden space 62976K, 0% used [0x00000000eaa80000,0x00000000eaa80000,0x00000000ee800000)
  from space 8704K, 99% used [0x00000000ef300000,0x00000000efb7c010,0x00000000efb80000)
  to   space 11264K, 0% used [0x00000000ee800000,0x00000000ee800000,0x00000000ef300000)
 ParOldGen       total 42496K, used 20136K [0x00000000c0000000, 0x00000000c2980000, 0x00000000eaa80000)
  object space 42496K, 47% used [0x00000000c0000000,0x00000000c13aa058,0x00000000c2980000)
 PSPermGen       total 21504K, used 5575K [0x00000000bae00000, 0x00000000bc300000, 0x00000000c0000000)
  object space 21504K, 25% used [0x00000000bae00000,0x00000000bb371c38,0x00000000bc300000)
}
Event: 8.233 GC heap before
{Heap before GC invocations=9 (full 0):
 PSYoungGen      total 71680K, used 71664K [0x00000000eaa80000, 0x00000000f0080000, 0x0000000100000000)
  eden space 62976K, 100% used [0x00000000eaa80000,0x00000000ee800000,0x00000000ee800000)
  from space 8704K, 99% used [0x00000000ef300000,0x00000000efb7c010,0x00000000efb80000)
  to   space 11264K, 0% used [0x00000000ee800000,0x00000000ee800000,0x00000000ef300000)
 ParOldGen       total 42496K, used 20136K [0x00000000c0000000, 0x00000000c2980000, 0x00000000eaa80000)
  object space 42496K, 47% used [0x00000000c0000000,0x00000000c13aa058,0x00000000c2980000)
 PSPermGen       total 21504K, used 5601K [0x00000000bae00000, 0x00000000bc300000, 0x00000000c0000000)
  object space 21504K, 26% used [0x00000000bae00000,0x00000000bb378690,0x00000000bc300000)
Event: 8.262 GC heap after
Heap after GC invocations=9 (full 0):
 PSYoungGen      total 74240K, used 11232K [0x00000000eaa80000, 0x00000000f2d00000, 0x0000000100000000)
  eden space 62976K, 0% used [0x00000000eaa80000,0x00000000eaa80000,0x00000000ee800000)
  from space 11264K, 99% used [0x00000000ee800000,0x00000000ef2f8010,0x00000000ef300000)
  to   space 16384K, 0% used [0x00000000f1d00000,0x00000000f1d00000,0x00000000f2d00000)
 ParOldGen       total 42496K, used 29584K [0x00000000c0000000, 0x00000000c2980000, 0x00000000eaa80000)
  object space 42496K, 69% used [0x00000000c0000000,0x00000000c1ce4188,0x00000000c2980000)
 PSPermGen       total 21504K, used 5601K [0x00000000bae00000, 0x00000000bc300000, 0x00000000c0000000)
  object space 21504K, 26% used [0x00000000bae00000,0x00000000bb378690,0x00000000bc300000)
}
Event: 9.090 GC heap before
{Heap before GC invocations=10 (full 0):
 PSYoungGen      total 74240K, used 74208K [0x00000000eaa80000, 0x00000000f2d00000, 0x0000000100000000)
  eden space 62976K, 100% used [0x00000000eaa80000,0x00000000ee800000,0x00000000ee800000)
  from space 11264K, 99% used [0x00000000ee800000,0x00000000ef2f8010,0x00000000ef300000)
  to   space 16384K, 0% used [0x00000000f1d00000,0x00000000f1d00000,0x00000000f2d00000)
 ParOldGen       total 42496K, used 29584K [0x00000000c0000000, 0x00000000c2980000, 0x00000000eaa80000)
  object space 42496K, 69% used [0x00000000c0000000,0x00000000c1ce4188,0x00000000c2980000)
 PSPermGen       total 21504K, used 5689K [0x00000000bae00000, 0x00000000bc300000, 0x00000000c0000000)
  object space 21504K, 26% used [0x00000000bae00000,0x00000000bb38e5f0,0x00000000bc300000)
Event: 9.131 GC heap after
Heap after GC invocations=10 (full 0):
 PSYoungGen      total 115712K, used 13875K [0x00000000eaa80000, 0x00000000f3000000, 0x0000000100000000)
  eden space 99328K, 0% used [0x00000000eaa80000,0x00000000eaa80000,0x00000000f0b80000)
  from space 16384K, 84% used [0x00000000f1d00000,0x00000000f2a8ce08,0x00000000f2d00000)
  to   space 17920K, 0% used [0x00000000f0b80000,0x00000000f0b80000,0x00000000f1d00000)
 ParOldGen       total 42496K, used 36238K [0x00000000c0000000, 0x00000000c2980000, 0x00000000eaa80000)
  object space 42496K, 85% used [0x00000000c0000000,0x00000000c23639a0,0x00000000c2980000)
 PSPermGen       total 21504K, used 5689K [0x00000000bae00000, 0x00000000bc300000, 0x00000000c0000000)
  object space 21504K, 26% used [0x00000000bae00000,0x00000000bb38e5f0,0x00000000bc300000)
}
Event: 9.131 GC heap before
{Heap before GC invocations=11 (full 1):
 PSYoungGen      total 115712K, used 13875K [0x00000000eaa80000, 0x00000000f3000000, 0x0000000100000000)
  eden space 99328K, 0% used [0x00000000eaa80000,0x00000000eaa80000,0x00000000f0b80000)
  from space 16384K, 84% used [0x00000000f1d00000,0x00000000f2a8ce08,0x00000000f2d00000)
  to   space 17920K, 0% used [0x00000000f0b80000,0x00000000f0b80000,0x00000000f1d00000)
 ParOldGen       total 42496K, used 36238K [0x00000000c0000000, 0x00000000c2980000, 0x00000000eaa80000)
  object space 42496K, 85% used [0x00000000c0000000,0x00000000c23639a0,0x00000000c2980000)
 PSPermGen       total 21504K, used 5689K [0x00000000bae00000, 0x00000000bc300000, 0x00000000c0000000)
  object space 21504K, 26% used [0x00000000bae00000,0x00000000bb38e5f0,0x00000000bc300000)

Deoptimization events (10 events):
Event: 6.078 Thread 0x0000000000a9e800 Uncommon trap: reason=bimorphic action=maybe_recompile pc=0x0000000002970f00 method=java.util.HashMap.put(Ljava/lang/Object;Ljava/lang/Object;)Ljava/lang/Object; @ 83
Event: 6.109 Thread 0x0000000000a9e800 Uncommon trap: reason=bimorphic action=maybe_recompile pc=0x0000000002970f00 method=java.util.HashMap.put(Ljava/lang/Object;Ljava/lang/Object;)Ljava/lang/Object; @ 83
Event: 6.121 Thread 0x0000000000a9e800 Uncommon trap: reason=null_check action=make_not_entrant pc=0x00000000029b7028 method=com.android.dx.dex.file.FieldIdsSection.intern(Lcom/android/dx/rop/cst/CstFieldRef;)Lcom/android/dx/dex/file/FieldIdItem; @ 26
Event: 6.523 Thread 0x0000000000a9e800 Uncommon trap: reason=unreached action=reinterpret pc=0x00000000028d3ba0 method=com.android.dx.cf.code.Simulator$SimVisitor.visitLocal(IIIILcom/android/dx/rop/type/Type;I)V @ 162
Event: 6.523 Thread 0x0000000000a9e800 Uncommon trap: reason=unloaded action=reinterpret pc=0x00000000028660dc method=com.android.dx.ssa.SsaRenamer$BlockRenamer.visitMoveInsn(Lcom/android/dx/ssa/NormalSsaInsn;)V @ 208
Event: 6.523 Thread 0x0000000000a9e800 Uncommon trap: reason=unreached action=reinterpret pc=0x0000000002876690 method=com.android.dx.ssa.SsaRenamer$BlockRenamer.process()V @ 59
Event: 6.524 Thread 0x0000000000a9e800 Uncommon trap: reason=unreached action=reinterpret pc=0x00000000029013d4 method=com.android.dx.ssa.back.FirstFitLocalCombiningAllocator$1.processInsn(Lcom/android/dx/ssa/SsaInsn;)V @ 34
Event: 6.526 Thread 0x0000000000a9e800 Uncommon trap: reason=unreached action=reinterpret pc=0x00000000028fe7c8 method=com.android.dx.ssa.back.FirstFitLocalCombiningAllocator$1.processInsn(Lcom/android/dx/ssa/SsaInsn;)V @ 34
Event: 7.573 Thread 0x0000000000a9e800 Uncommon trap: reason=unreached action=reinterpret pc=0x000000000286cbe0 method=com.android.dx.ssa.SsaConverter.placePhiFunctions(Lcom/android/dx/ssa/SsaMethod;Lcom/android/dx/ssa/LocalVariableInfo;I)V @ 327
Event: 8.580 Thread 0x0000000000a9e800 Uncommon trap: reason=class_check action=maybe_recompile pc=0x0000000002958694 method=com.android.dx.cf.code.RopperMachine.run(Lcom/android/dx/cf/code/Frame;II)V @ 1024

Internal exceptions (6 events):
Event: 0.235 Thread 0x0000000000a9e800 Threw 0x00000000eaa8a998 at C:\re\jdk7u79\2331\hotspot\src\share\vm\prims\jni.cpp:3991
Event: 2.063 Thread 0x0000000000a9e800 Implicit null exception at 0x000000000283e0b0 to 0x000000000283e42d
Event: 2.705 Thread 0x0000000000a9e800 Implicit null exception at 0x000000000284cf52 to 0x000000000284d042
Event: 3.720 Thread 0x0000000000a9e800 Implicit null exception at 0x00000000028ad47c to 0x00000000028af42d
Event: 3.868 Thread 0x0000000000a9e800 Implicit null exception at 0x00000000028e689b to 0x00000000028e6f8d
Event: 5.110 Thread 0x0000000000a9e800 Implicit null exception at 0x0000000002972400 to 0x00000000029731b5

Events (10 events):
Event: 8.905 loading class 0x000000000273e510 done
Event: 8.906 loading class 0x000000000a1770d0
Event: 8.906 loading class 0x000000000a1770d0 done
Event: 8.978 loading class 0x00000000027385a0
Event: 8.978 loading class 0x00000000027385a0 done
Event: 8.978 loading class 0x0000000002738570
Event: 8.978 loading class 0x0000000002738570 done
Event: 8.978 loading class 0x000000000a24da90
Event: 8.978 loading class 0x000000000a24da90 done
Event: 9.090 Executing VM operation: ParallelGCFailedAllocation


Dynamic libraries:
0x00007ff74e340000 - 0x00007ff74e373000 	C:\PROGRA~1\Java\JDK17~1.0_7\bin\java.exe
0x00007ffd912a0000 - 0x00007ffd91461000 	C:\WINDOWS\SYSTEM32\ntdll.dll
0x00007ffd90ac0000 - 0x00007ffd90b6d000 	C:\WINDOWS\system32\KERNEL32.DLL
0x00007ffd8e630000 - 0x00007ffd8e80d000 	C:\WINDOWS\system32\KERNELBASE.dll
0x00007ffd90810000 - 0x00007ffd908b6000 	C:\WINDOWS\system32\ADVAPI32.dll
0x00007ffd8e970000 - 0x00007ffd8ea0d000 	C:\WINDOWS\system32\msvcrt.dll
0x00007ffd90bd0000 - 0x00007ffd90c2b000 	C:\WINDOWS\system32\sechost.dll
0x00007ffd8ed90000 - 0x00007ffd8eeb6000 	C:\WINDOWS\system32\RPCRT4.dll
0x00007ffd8ec40000 - 0x00007ffd8ed8e000 	C:\WINDOWS\system32\USER32.dll
0x00007ffd90c30000 - 0x00007ffd90db6000 	C:\WINDOWS\system32\GDI32.dll
0x00007ffd81580000 - 0x00007ffd817f4000 	C:\WINDOWS\WinSxS\amd64_microsoft.windows.common-controls_6595b64144ccf1df_6.0.10240.16384_none_f41f7b285750ef43\COMCTL32.dll
0x00007ffd908c0000 - 0x00007ffd908f6000 	C:\WINDOWS\system32\IMM32.DLL
0x00007ffd90dc0000 - 0x00007ffd90f1c000 	C:\WINDOWS\system32\MSCTF.dll
0x000000006e7d0000 - 0x000000006e8a2000 	C:\PROGRA~1\Java\JDK17~1.0_7\jre\bin\msvcr100.dll
0x000000006dff0000 - 0x000000006e7c5000 	C:\PROGRA~1\Java\JDK17~1.0_7\jre\bin\server\jvm.dll
0x00007ffd90a40000 - 0x00007ffd90a48000 	C:\WINDOWS\system32\PSAPI.DLL
0x00007ffd845e0000 - 0x00007ffd845e9000 	C:\WINDOWS\SYSTEM32\WSOCK32.dll
0x00007ffd90a50000 - 0x00007ffd90ab9000 	C:\WINDOWS\system32\WS2_32.dll
0x00007ffd909c0000 - 0x00007ffd909c8000 	C:\WINDOWS\system32\NSI.dll
0x00007ffd8c060000 - 0x00007ffd8c083000 	C:\WINDOWS\SYSTEM32\WINMM.dll
0x00007ffd8be50000 - 0x00007ffd8be7c000 	C:\WINDOWS\SYSTEM32\WINMMBASE.dll
0x00007ffd8e810000 - 0x00007ffd8e854000 	C:\WINDOWS\system32\cfgmgr32.dll
0x00007ffd8c640000 - 0x00007ffd8c667000 	C:\WINDOWS\SYSTEM32\DEVOBJ.dll
0x000000006dfe0000 - 0x000000006dfef000 	C:\PROGRA~1\Java\JDK17~1.0_7\jre\bin\verify.dll
0x000000006dfb0000 - 0x000000006dfd8000 	C:\PROGRA~1\Java\JDK17~1.0_7\jre\bin\java.dll
0x000000006df90000 - 0x000000006dfa5000 	C:\PROGRA~1\Java\JDK17~1.0_7\jre\bin\zip.dll
0x000000006df70000 - 0x000000006df8a000 	C:\Program Files\Java\jdk1.7.0_79\jre\bin\net.dll
0x00007ffd8d4e0000 - 0x00007ffd8d53d000 	C:\WINDOWS\system32\mswsock.dll
0x000000006df50000 - 0x000000006df61000 	C:\Program Files\Java\jdk1.7.0_79\jre\bin\nio.dll
0x00007ffd879a0000 - 0x00007ffd87b2a000 	C:\WINDOWS\SYSTEM32\dbghelp.dll

VM Arguments:
jvm_args: -Xmx1024M -Xss1m -Djava.ext.dirs=C:\android-sdk\build-tools\22.0.1\lib 
java_command: C:\android-sdk\build-tools\22.0.1\lib\dx.jar --dex --output C:\Users\Daniel\Documents\Ionic\life-fitness\platforms\android\build\intermediates\pre-dexed\debug\classes-b527e33f81a09cfed3492b49ab2921d91ce7903c.jar C:\Users\Daniel\Documents\Ionic\life-fitness\platforms\android\build\intermediates\exploded-aar\com.google.android.gms\play-services-basement\8.3.0\classes.jar
Launcher Type: SUN_STANDARD

Environment Variables:
JAVA_HOME=C:\Program Files\Java\jdk1.7.0_79
CLASSPATH=C:\Users\Daniel\Documents\Ionic\life-fitness\platforms\android\\gradle\wrapper\gradle-wrapper.jar
PATH=C:\Program Files (x86)\Microsoft Visual Studio 14.0\Common7\IDE\CommonExtensions\Microsoft\TestWindow;C:\Program Files (x86)\Microsoft SDKs\TypeScript\1.5;C:\Program Files (x86)\MSBuild\14.0\bin;C:\Program Files (x86)\Microsoft Visual Studio 14.0\Common7\IDE\;C:\Program Files (x86)\Microsoft Visual Studio 14.0\VC\BIN;C:\Program Files (x86)\Microsoft Visual Studio 14.0\Common7\Tools;C:\WINDOWS\Microsoft.NET\Framework\v4.0.30319;C:\Program Files (x86)\Microsoft Visual Studio 14.0\VC\VCPackages;C:\Program Files (x86)\Microsoft Visual Studio 14.0\Team Tools\Performance Tools;C:\Program Files (x86)\Microsoft SDKs\Windows\v10.0A\bin\NETFX 4.6 Tools\;C:\WINDOWS\system32;C:\WINDOWS;C:\WINDOWS\System32\Wbem;C:\WINDOWS\System32\WindowsPowerShell\v1.0\;C:\Users\Daniel\.dnx\bin;C:\Program Files\Microsoft DNX\Dnvm\;C:\Program Files\nodejs\;C:\Program Files (x86)\Git\cmd;C:\xampp\php;C:\ProgramData\ComposerSetup\bin;C:\android-sdk\platform-tools;C:\android-sdk\tools;C:\Program Files\Java\jdk1.7.0_79\bin;C:\Program Files\Java\jre7\bin;C:\Python27;C:\apache-ant-1.9.6\bin\;C:\Program Files (x86)\QuickTime\QTSystem\;C:\Users\Daniel\.dnx\bin;C:\Users\Daniel\AppData\Roaming\npm;C:\Users\Daniel\AppData\Local\atom\bin
USERNAME=Daniel
OS=Windows_NT
PROCESSOR_IDENTIFIER=Intel64 Family 6 Model 42 Stepping 7, GenuineIntel



---------------  S Y S T E M  ---------------

OS: Windows 8.1 , 64 bit Build 9600 

CPU:total 4 (2 cores per cpu, 2 threads per core) family 6 model 42 stepping 7, cmov, cx8, fxsr, mmx, sse, sse2, sse3, ssse3, sse4.1, sse4.2, popcnt, avx, aes, ht, tsc, tscinvbit

Memory: 4k page, physical 4106228k(1453576k free), swap 5883732k(2358844k free)

vm_info: Java HotSpot(TM) 64-Bit Server VM (24.79-b02) for windows-amd64 JRE (1.7.0_79-b15), built on Apr 10 2015 12:36:16 by "java_re" with unknown MS VC++:1600

time: Wed Dec 16 23:50:18 2015
elapsed time: 9 seconds

